<?xml version="1.0" encoding="UTF-8"?>
<!-- Generated by org.testng.reporters.JUnitReportReporter -->
<testsuite skipped="0" hostname="DESKTOP-2DR0QON" name="Practise_selenium.Facebook_Page_Verfication" tests="1" failures="0" timestamp="29 Nov 2019 18:35:01 GMT" time="17.873" errors="0">
  <testcase name="titel_verfication_page" time="17.873" classname="Practise_selenium.Facebook_Page_Verfication"/>
</testsuite> <!-- Practise_selenium.Facebook_Page_Verfication -->
