<?xml version="1.0" encoding="UTF-8"?>
<!-- Generated by org.testng.reporters.JUnitReportReporter -->
<testsuite skipped="0" hostname="DESKTOP-2DR0QON" name="Actions_Demo.Javascript_excutot_demo" tests="1" failures="0" timestamp="05 Dec 2019 19:57:28 GMT" time="41.308" errors="0">
  <testcase name="JS_DEMO" time="41.308" classname="Actions_Demo.Javascript_excutot_demo"/>
</testsuite> <!-- Actions_Demo.Javascript_excutot_demo -->
