<?xml version="1.0" encoding="UTF-8"?>
<!-- Generated by org.testng.reporters.JUnitReportReporter -->
<testsuite skipped="0" hostname="DESKTOP-2DR0QON" name="Practise_selenium.Facebook_Login_page" tests="6" failures="0" timestamp="03 Dec 2019 07:26:04 GMT" time="2.328" errors="0">
  <testcase name="password" time="0.127" classname="Practise_selenium.Facebook_Login_page"/>
  <testcase name="submitbutton" time="0.099" classname="Practise_selenium.Facebook_Login_page"/>
  <testcase name="createsource" time="0.305" classname="Practise_selenium.Facebook_Login_page"/>
  <testcase name="datepicker" time="1.561" classname="Practise_selenium.Facebook_Login_page"/>
  <testcase name="mobileenr" time="0.138" classname="Practise_selenium.Facebook_Login_page"/>
  <testcase name="gender" time="0.098" classname="Practise_selenium.Facebook_Login_page"/>
</testsuite> <!-- Practise_selenium.Facebook_Login_page -->
